<?xml version="1.0" encoding="UTF-8"?>
<!-- Generated by org.testng.reporters.JUnitReportReporter -->
<testsuite hostname="ntpc02201" name="com.selenium.mothercare.testcases.SuiteCartPage_Desktop.TC_REG_MUK_096" tests="1" failures="0" timestamp="6 Aug 2018 09:31:50 GMT" time="120.563" errors="0">
  <testcase name="tc_REG_MUK_96" time="120.563" classname="com.selenium.mothercare.testcases.SuiteCartPage_Desktop.TC_REG_MUK_096"/>
</testsuite> <!-- com.selenium.mothercare.testcases.SuiteCartPage_Desktop.TC_REG_MUK_096 -->
