<?xml version="1.0" encoding="UTF-8"?>
<!-- Generated by org.testng.reporters.JUnitReportReporter -->
<testsuite hostname="ntpc02201" name="com.selenium.mothercare.testcases.SuiteCheckout_Desktop.TC_REG_MUK_265" tests="1" failures="0" timestamp="6 Aug 2018 09:31:50 GMT" time="203.902" errors="0">
  <testcase name="tC_REG_MUK_265" time="203.902" classname="com.selenium.mothercare.testcases.SuiteCheckout_Desktop.TC_REG_MUK_265"/>
</testsuite> <!-- com.selenium.mothercare.testcases.SuiteCheckout_Desktop.TC_REG_MUK_265 -->
